(0000) 3000  0011000000000000 (   1)                 .ORIG x3000
(3000) 5020  0101000000100000 (   3) START           AND   R0 R0 #0
(3001) 102A  0001000000101010 (   5)                 ADD   R0 R0 #10
(3002) F021  1111000000100001 (   7)                 TRAP  x21
(3003) 5B60  0101101101100000 (   9)                 AND   R5 R5 #0
(3004) 223A  0010001000111010 (  11)                 LD    R1 NASCII
(3005) 5020  0101000000100000 (  13)                 AND   R0 R0 #0
(3006) E017  1110000000010111 (  15)                 LEA   R0 FIRST
(3007) F022  1111000000100010 (  17)                 TRAP  x22
(3008) 5020  0101000000100000 (  19)                 AND   R0 R0 #0
(3009) 5DA0  0101110110100000 (  21)                 AND   R6 R6 #0
(300A) F023  1111000000100011 (  23)                 TRAP  x23
(300B) 1D80  0001110110000000 (  25)                 ADD   R6 R6 R0
(300C) 1D81  0001110110000001 (  27)                 ADD   R6 R6 R1
(300D) 1001  0001000000000001 (  29)                 ADD   R0 R0 R1
(300E) 0C0B  0000110000001011 (  31)                 BRNZ  END
(300F) 5020  0101000000100000 (  33)                 AND   R0 R0 #0
(3010) E034  1110000000110100 (  35)                 LEA   R0 LETTER
(3011) F022  1111000000100010 (  37)                 TRAP  x22
(3012) F023  1111000000100011 (  39)                 TRAP  x23
(3013) 282C  0010100000101100 (  41)                 LD    R4 LOWERC
(3014) 1004  0001000000000100 (  43)                 ADD   R0 R0 R4
(3015) F021  1111000000100001 (  45) LOOP            TRAP  x21
(3016) 1DBF  0001110110111111 (  47)                 ADD   R6 R6 #-1
(3017) 03FD  0000001111111101 (  49)                 BRP   LOOP
(3018) 1D81  0001110110000001 (  51)                 ADD   R6 R6 R1
(3019) 0FE6  0000111111100110 (  53)                 BRNZP START
(301A) 5020  0101000000100000 (  55) END             AND   R0 R0 #0
(301B) E025  1110000000100101 (  57)                 LEA   R0 BYE
(301C) F022  1111000000100010 (  59)                 TRAP  x22
(301D) F025  1111000000100101 (  61)                 TRAP  x25
(301E) 0045  0000000001000101 (  63) FIRST           .FILL x0045
(301F) 006E  0000000001101110 (  63)                 .FILL x006E
(3020) 0074  0000000001110100 (  63)                 .FILL x0074
(3021) 0065  0000000001100101 (  63)                 .FILL x0065
(3022) 0072  0000000001110010 (  63)                 .FILL x0072
(3023) 0020  0000000000100000 (  63)                 .FILL x0020
(3024) 0061  0000000001100001 (  63)                 .FILL x0061
(3025) 0020  0000000000100000 (  63)                 .FILL x0020
(3026) 006E  0000000001101110 (  63)                 .FILL x006E
(3027) 0075  0000000001110101 (  63)                 .FILL x0075
(3028) 006D  0000000001101101 (  63)                 .FILL x006D
(3029) 0062  0000000001100010 (  63)                 .FILL x0062
(302A) 0065  0000000001100101 (  63)                 .FILL x0065
(302B) 0072  0000000001110010 (  63)                 .FILL x0072
(302C) 0020  0000000000100000 (  63)                 .FILL x0020
(302D) 006E  0000000001101110 (  63)                 .FILL x006E
(302E) 0020  0000000000100000 (  63)                 .FILL x0020
(302F) 0062  0000000001100010 (  63)                 .FILL x0062
(3030) 0065  0000000001100101 (  63)                 .FILL x0065
(3031) 0074  0000000001110100 (  63)                 .FILL x0074
(3032) 0077  0000000001110111 (  63)                 .FILL x0077
(3033) 0065  0000000001100101 (  63)                 .FILL x0065
(3034) 0065  0000000001100101 (  63)                 .FILL x0065
(3035) 006E  0000000001101110 (  63)                 .FILL x006E
(3036) 0020  0000000000100000 (  63)                 .FILL x0020
(3037) 0031  0000000000110001 (  63)                 .FILL x0031
(3038) 0020  0000000000100000 (  63)                 .FILL x0020
(3039) 0061  0000000001100001 (  63)                 .FILL x0061
(303A) 006E  0000000001101110 (  63)                 .FILL x006E
(303B) 0064  0000000001100100 (  63)                 .FILL x0064
(303C) 0020  0000000000100000 (  63)                 .FILL x0020
(303D) 0039  0000000000111001 (  63)                 .FILL x0039
(303E) 0000  0000000000000000 (  63)                 .FILL x0000
(303F) FFD0  1111111111010000 (  65) NASCII          .FILL xFFD0
(3040) 0020  0000000000100000 (  67) LOWERC          .FILL x0020
(3041) 0042  0000000001000010 (  69) BYE             .FILL x0042
(3042) 0079  0000000001111001 (  69)                 .FILL x0079
(3043) 0065  0000000001100101 (  69)                 .FILL x0065
(3044) 0000  0000000000000000 (  69)                 .FILL x0000
(3045) 0045  0000000001000101 (  71) LETTER          .FILL x0045
(3046) 006E  0000000001101110 (  71)                 .FILL x006E
(3047) 0074  0000000001110100 (  71)                 .FILL x0074
(3048) 0065  0000000001100101 (  71)                 .FILL x0065
(3049) 0072  0000000001110010 (  71)                 .FILL x0072
(304A) 0020  0000000000100000 (  71)                 .FILL x0020
(304B) 0061  0000000001100001 (  71)                 .FILL x0061
(304C) 006E  0000000001101110 (  71)                 .FILL x006E
(304D) 0020  0000000000100000 (  71)                 .FILL x0020
(304E) 0075  0000000001110101 (  71)                 .FILL x0075
(304F) 0070  0000000001110000 (  71)                 .FILL x0070
(3050) 0070  0000000001110000 (  71)                 .FILL x0070
(3051) 0065  0000000001100101 (  71)                 .FILL x0065
(3052) 0072  0000000001110010 (  71)                 .FILL x0072
(3053) 0063  0000000001100011 (  71)                 .FILL x0063
(3054) 0061  0000000001100001 (  71)                 .FILL x0061
(3055) 0073  0000000001110011 (  71)                 .FILL x0073
(3056) 0065  0000000001100101 (  71)                 .FILL x0065
(3057) 0020  0000000000100000 (  71)                 .FILL x0020
(3058) 006C  0000000001101100 (  71)                 .FILL x006C
(3059) 0065  0000000001100101 (  71)                 .FILL x0065
(305A) 0074  0000000001110100 (  71)                 .FILL x0074
(305B) 0074  0000000001110100 (  71)                 .FILL x0074
(305C) 0065  0000000001100101 (  71)                 .FILL x0065
(305D) 0072  0000000001110010 (  71)                 .FILL x0072
(305E) 0000  0000000000000000 (  71)                 .FILL x0000
