(0000) 4000  0100000000000000 (   1)                 .ORIG x4000
(4000) E00C  1110000000001100 (   3)                 LEA   R0 LABEL1
(4001) F022  1111000000100010 (   5)                 TRAP  x22
(4002) 5020  0101000000100000 (   7)                 AND   R0 R0 #0
(4003) 102A  0001000000101010 (   9)                 ADD   R0 R0 #10
(4004) F021  1111000000100001 (  11)                 TRAP  x21
(4005) E00D  1110000000001101 (  13)                 LEA   R0 LABEL2
(4006) F022  1111000000100010 (  15)                 TRAP  x22
(4007) 5020  0101000000100000 (  17)                 AND   R0 R0 #0
(4008) 102A  0001000000101010 (  19)                 ADD   R0 R0 #10
(4009) F021  1111000000100001 (  21)                 TRAP  x21
(400A) E00D  1110000000001101 (  23)                 LEA   R0 LABEL3
(400B) F022  1111000000100010 (  25)                 TRAP  x22
(400C) F025  1111000000100101 (  27)                 TRAP  x25
(400D) 0044  0000000001000100 (  29) LABEL1          .FILL x0044
(400E) 0045  0000000001000101 (  29)                 .FILL x0045
(400F) 0052  0000000001010010 (  29)                 .FILL x0052
(4010) 0045  0000000001000101 (  29)                 .FILL x0045
(4011) 004B  0000000001001011 (  29)                 .FILL x004B
(4012) 0000  0000000000000000 (  29)                 .FILL x0000
(4013) 0059  0000000001011001 (  31) LABEL2          .FILL x0059
(4014) 0041  0000000001000001 (  31)                 .FILL x0041
(4015) 004E  0000000001001110 (  31)                 .FILL x004E
(4016) 0047  0000000001000111 (  31)                 .FILL x0047
(4017) 0000  0000000000000000 (  31)                 .FILL x0000
(4018) 0043  0000000001000011 (  33) LABEL3          .FILL x0043
(4019) 004F  0000000001001111 (  33)                 .FILL x004F
(401A) 004D  0000000001001101 (  33)                 .FILL x004D
(401B) 0050  0000000001010000 (  33)                 .FILL x0050
(401C) 0055  0000000001010101 (  33)                 .FILL x0055
(401D) 0054  0000000001010100 (  33)                 .FILL x0054
(401E) 0045  0000000001000101 (  33)                 .FILL x0045
(401F) 0052  0000000001010010 (  33)                 .FILL x0052
(4020) 0020  0000000000100000 (  33)                 .FILL x0020
(4021) 0045  0000000001000101 (  33)                 .FILL x0045
(4022) 004E  0000000001001110 (  33)                 .FILL x004E
(4023) 0047  0000000001000111 (  33)                 .FILL x0047
(4024) 0049  0000000001001001 (  33)                 .FILL x0049
(4025) 004E  0000000001001110 (  33)                 .FILL x004E
(4026) 0045  0000000001000101 (  33)                 .FILL x0045
(4027) 0045  0000000001000101 (  33)                 .FILL x0045
(4028) 0052  0000000001010010 (  33)                 .FILL x0052
(4029) 0049  0000000001001001 (  33)                 .FILL x0049
(402A) 004E  0000000001001110 (  33)                 .FILL x004E
(402B) 0047  0000000001000111 (  33)                 .FILL x0047
(402C) 0000  0000000000000000 (  33)                 .FILL x0000
