(0000) 3000  0011000000000000 (   1)                 .ORIG x3000
(3000) E00C  1110000000001100 (   3)                 LEA   R0 LABEL1
(3001) F022  1111000000100010 (   5)                 TRAP  x22
(3002) 5020  0101000000100000 (   7)                 AND   R0 R0 #0
(3003) 102A  0001000000101010 (   9)                 ADD   R0 R0 #10
(3004) F021  1111000000100001 (  11)                 TRAP  x21
(3005) E00D  1110000000001101 (  13)                 LEA   R0 LABEL2
(3006) F022  1111000000100010 (  15)                 TRAP  x22
(3007) 5020  0101000000100000 (  17)                 AND   R0 R0 #0
(3008) 102A  0001000000101010 (  19)                 ADD   R0 R0 #10
(3009) F021  1111000000100001 (  21)                 TRAP  x21
(300A) E00D  1110000000001101 (  23)                 LEA   R0 LABEL3
(300B) F022  1111000000100010 (  25)                 TRAP  x22
(300C) F025  1111000000100101 (  27)                 TRAP  x25
(300D) 0044  0000000001000100 (  29) LABEL1          .FILL x0044
(300E) 0045  0000000001000101 (  29)                 .FILL x0045
(300F) 0052  0000000001010010 (  29)                 .FILL x0052
(3010) 0045  0000000001000101 (  29)                 .FILL x0045
(3011) 004B  0000000001001011 (  29)                 .FILL x004B
(3012) 0000  0000000000000000 (  29)                 .FILL x0000
(3013) 0059  0000000001011001 (  31) LABEL2          .FILL x0059
(3014) 0041  0000000001000001 (  31)                 .FILL x0041
(3015) 004E  0000000001001110 (  31)                 .FILL x004E
(3016) 0047  0000000001000111 (  31)                 .FILL x0047
(3017) 0000  0000000000000000 (  31)                 .FILL x0000
(3018) 0043  0000000001000011 (  33) LABEL3          .FILL x0043
(3019) 004F  0000000001001111 (  33)                 .FILL x004F
(301A) 004D  0000000001001101 (  33)                 .FILL x004D
(301B) 0050  0000000001010000 (  33)                 .FILL x0050
(301C) 0055  0000000001010101 (  33)                 .FILL x0055
(301D) 0054  0000000001010100 (  33)                 .FILL x0054
(301E) 0045  0000000001000101 (  33)                 .FILL x0045
(301F) 0052  0000000001010010 (  33)                 .FILL x0052
(3020) 0020  0000000000100000 (  33)                 .FILL x0020
(3021) 0045  0000000001000101 (  33)                 .FILL x0045
(3022) 004E  0000000001001110 (  33)                 .FILL x004E
(3023) 0047  0000000001000111 (  33)                 .FILL x0047
(3024) 0049  0000000001001001 (  33)                 .FILL x0049
(3025) 004E  0000000001001110 (  33)                 .FILL x004E
(3026) 0045  0000000001000101 (  33)                 .FILL x0045
(3027) 0045  0000000001000101 (  33)                 .FILL x0045
(3028) 0052  0000000001010010 (  33)                 .FILL x0052
(3029) 0049  0000000001001001 (  33)                 .FILL x0049
(302A) 004E  0000000001001110 (  33)                 .FILL x004E
(302B) 0047  0000000001000111 (  33)                 .FILL x0047
(302C) 0000  0000000000000000 (  33)                 .FILL x0000
