(0000) 3000  0011000000000000 (   1)                 .ORIG x3000
(3000) 2AE0  0010101011100000 (   3) RESTART         LD    R5 COUNTER
(3001) 2CE0  0010110011100000 (   5)                 LD    R6 COUNTER2
(3002) F023  1111000000100011 (   7)                 TRAP  x23
(3003) 5260  0101001001100000 (   9)                 AND   R1 R1 #0
(3004) 1276  0001001001110110 (  11)                 ADD   R1 R1 #-10
(3005) 1276  0001001001110110 (  13)                 ADD   R1 R1 #-10
(3006) 1276  0001001001110110 (  15)                 ADD   R1 R1 #-10
(3007) 1276  0001001001110110 (  17)                 ADD   R1 R1 #-10
(3008) 1277  0001001001110111 (  19)                 ADD   R1 R1 #-9
(3009) 1001  0001000000000001 (  21)                 ADD   R0 R0 R1
(300A) 028D  0000001010001101 (  23)                 BRP   LOOP
(300B) 20D3  0010000011010011 (  25) OVER            LD    R0 ONE
(300C) F021  1111000000100001 (  27)                 TRAP  x21
(300D) 5020  0101000000100000 (  29)                 AND   R0 R0 #0
(300E) 20D0  0010000011010000 (  31)                 LD    R0 ONE
(300F) F021  1111000000100001 (  33)                 TRAP  x21
(3010) 5020  0101000000100000 (  35)                 AND   R0 R0 #0
(3011) 20CE  0010000011001110 (  37)                 LD    R0 ZERO
(3012) F021  1111000000100001 (  39)                 TRAP  x21
(3013) 5020  0101000000100000 (  41)                 AND   R0 R0 #0
(3014) 20CB  0010000011001011 (  43)                 LD    R0 ZERO
(3015) F021  1111000000100001 (  45)                 TRAP  x21
(3016) 5020  0101000000100000 (  47)                 AND   R0 R0 #0
(3017) 102A  0001000000101010 (  49)                 ADD   R0 R0 #10
(3018) F021  1111000000100001 (  51)                 TRAP  x21
(3019) 20C5  0010000011000101 (  53)                 LD    R0 ONE
(301A) F021  1111000000100001 (  55)                 TRAP  x21
(301B) 5020  0101000000100000 (  57)                 AND   R0 R0 #0
(301C) 20C3  0010000011000011 (  59)                 LD    R0 ZERO
(301D) F021  1111000000100001 (  61)                 TRAP  x21
(301E) 5020  0101000000100000 (  63)                 AND   R0 R0 #0
(301F) 20C0  0010000011000000 (  65)                 LD    R0 ZERO
(3020) F021  1111000000100001 (  67)                 TRAP  x21
(3021) 5020  0101000000100000 (  69)                 AND   R0 R0 #0
(3022) 20BC  0010000010111100 (  71)                 LD    R0 ONE
(3023) F021  1111000000100001 (  73)                 TRAP  x21
(3024) 5020  0101000000100000 (  75)                 AND   R0 R0 #0
(3025) 102A  0001000000101010 (  77)                 ADD   R0 R0 #10
(3026) F021  1111000000100001 (  79)                 TRAP  x21
(3027) 20B8  0010000010111000 (  81)                 LD    R0 ZERO
(3028) F021  1111000000100001 (  83)                 TRAP  x21
(3029) 5020  0101000000100000 (  85)                 AND   R0 R0 #0
(302A) 20B5  0010000010110101 (  87)                 LD    R0 ZERO
(302B) F021  1111000000100001 (  89)                 TRAP  x21
(302C) 5020  0101000000100000 (  91)                 AND   R0 R0 #0
(302D) 20B1  0010000010110001 (  93)                 LD    R0 ONE
(302E) F021  1111000000100001 (  95)                 TRAP  x21
(302F) 5020  0101000000100000 (  97)                 AND   R0 R0 #0
(3030) 20AE  0010000010101110 (  99)                 LD    R0 ONE
(3031) F021  1111000000100001 ( 101)                 TRAP  x21
(3032) 5020  0101000000100000 ( 103)                 AND   R0 R0 #0
(3033) 102A  0001000000101010 ( 105)                 ADD   R0 R0 #10
(3034) F021  1111000000100001 ( 107)                 TRAP  x21
(3035) 20AA  0010000010101010 ( 109)                 LD    R0 ZERO
(3036) F021  1111000000100001 ( 111)                 TRAP  x21
(3037) 5020  0101000000100000 ( 113)                 AND   R0 R0 #0
(3038) 20A6  0010000010100110 ( 115)                 LD    R0 ONE
(3039) F021  1111000000100001 ( 117)                 TRAP  x21
(303A) 5020  0101000000100000 ( 119)                 AND   R0 R0 #0
(303B) 20A3  0010000010100011 ( 121)                 LD    R0 ONE
(303C) F021  1111000000100001 ( 123)                 TRAP  x21
(303D) 5020  0101000000100000 ( 125)                 AND   R0 R0 #0
(303E) 20A1  0010000010100001 ( 127)                 LD    R0 ZERO
(303F) F021  1111000000100001 ( 129)                 TRAP  x21
(3040) 5020  0101000000100000 ( 131)                 AND   R0 R0 #0
(3041) 102A  0001000000101010 ( 133)                 ADD   R0 R0 #10
(3042) F021  1111000000100001 ( 135)                 TRAP  x21
(3043) 1B7F  0001101101111111 ( 137)                 ADD   R5 R5 #-1
(3044) 03C6  0000001111000110 ( 139)                 BRP   OVER
(3045) 209A  0010000010011010 ( 141)                 LD    R0 ZERO
(3046) F021  1111000000100001 ( 143)                 TRAP  x21
(3047) 5020  0101000000100000 ( 145)                 AND   R0 R0 #0
(3048) 2097  0010000010010111 ( 147)                 LD    R0 ZERO
(3049) F021  1111000000100001 ( 149)                 TRAP  x21
(304A) 5020  0101000000100000 ( 151)                 AND   R0 R0 #0
(304B) 2093  0010000010010011 ( 153)                 LD    R0 ONE
(304C) F021  1111000000100001 ( 155)                 TRAP  x21
(304D) 5020  0101000000100000 ( 157)                 AND   R0 R0 #0
(304E) 2090  0010000010010000 ( 159)                 LD    R0 ONE
(304F) F021  1111000000100001 ( 161)                 TRAP  x21
(3050) 5020  0101000000100000 ( 163)                 AND   R0 R0 #0
(3051) 102A  0001000000101010 ( 165)                 ADD   R0 R0 #10
(3052) F021  1111000000100001 ( 167)                 TRAP  x21
(3053) 208B  0010000010001011 ( 169)                 LD    R0 ONE
(3054) F021  1111000000100001 ( 171)                 TRAP  x21
(3055) 5020  0101000000100000 ( 173)                 AND   R0 R0 #0
(3056) 2089  0010000010001001 ( 175)                 LD    R0 ZERO
(3057) F021  1111000000100001 ( 177)                 TRAP  x21
(3058) 5020  0101000000100000 ( 179)                 AND   R0 R0 #0
(3059) 2086  0010000010000110 ( 181)                 LD    R0 ZERO
(305A) F021  1111000000100001 ( 183)                 TRAP  x21
(305B) 5020  0101000000100000 ( 185)                 AND   R0 R0 #0
(305C) 2082  0010000010000010 ( 187)                 LD    R0 ONE
(305D) F021  1111000000100001 ( 189)                 TRAP  x21
(305E) 5020  0101000000100000 ( 191)                 AND   R0 R0 #0
(305F) 102A  0001000000101010 ( 193)                 ADD   R0 R0 #10
(3060) F021  1111000000100001 ( 195)                 TRAP  x21
(3061) 207D  0010000001111101 ( 197)                 LD    R0 ONE
(3062) F021  1111000000100001 ( 199)                 TRAP  x21
(3063) 5020  0101000000100000 ( 201)                 AND   R0 R0 #0
(3064) 207A  0010000001111010 ( 203)                 LD    R0 ONE
(3065) F021  1111000000100001 ( 205)                 TRAP  x21
(3066) 5020  0101000000100000 ( 207)                 AND   R0 R0 #0
(3067) 2078  0010000001111000 ( 209)                 LD    R0 ZERO
(3068) F021  1111000000100001 ( 211)                 TRAP  x21
(3069) 5020  0101000000100000 ( 213)                 AND   R0 R0 #0
(306A) 2075  0010000001110101 ( 215)                 LD    R0 ZERO
(306B) F021  1111000000100001 ( 217)                 TRAP  x21
(306C) 5020  0101000000100000 ( 219)                 AND   R0 R0 #0
(306D) 102A  0001000000101010 ( 221)                 ADD   R0 R0 #10
(306E) F021  1111000000100001 ( 223)                 TRAP  x21
(306F) 2070  0010000001110000 ( 225)                 LD    R0 ZERO
(3070) F021  1111000000100001 ( 227)                 TRAP  x21
(3071) 5020  0101000000100000 ( 229)                 AND   R0 R0 #0
(3072) 206C  0010000001101100 ( 231)                 LD    R0 ONE
(3073) F021  1111000000100001 ( 233)                 TRAP  x21
(3074) 5020  0101000000100000 ( 235)                 AND   R0 R0 #0
(3075) 2069  0010000001101001 ( 237)                 LD    R0 ONE
(3076) F021  1111000000100001 ( 239)                 TRAP  x21
(3077) 5020  0101000000100000 ( 241)                 AND   R0 R0 #0
(3078) 2067  0010000001100111 ( 243)                 LD    R0 ZERO
(3079) F021  1111000000100001 ( 245)                 TRAP  x21
(307A) 5020  0101000000100000 ( 247)                 AND   R0 R0 #0
(307B) 102A  0001000000101010 ( 249)                 ADD   R0 R0 #10
(307C) F021  1111000000100001 ( 251)                 TRAP  x21
(307D) 2062  0010000001100010 ( 253)                 LD    R0 ZERO
(307E) F021  1111000000100001 ( 255)                 TRAP  x21
(307F) 5020  0101000000100000 ( 257)                 AND   R0 R0 #0
(3080) 205F  0010000001011111 ( 259)                 LD    R0 ZERO
(3081) F021  1111000000100001 ( 261)                 TRAP  x21
(3082) 5020  0101000000100000 ( 263)                 AND   R0 R0 #0
(3083) 205B  0010000001011011 ( 265)                 LD    R0 ONE
(3084) F021  1111000000100001 ( 267)                 TRAP  x21
(3085) 5020  0101000000100000 ( 269)                 AND   R0 R0 #0
(3086) 2058  0010000001011000 ( 271)                 LD    R0 ONE
(3087) F021  1111000000100001 ( 273)                 TRAP  x21
(3088) 5020  0101000000100000 ( 275)                 AND   R0 R0 #0
(3089) 102A  0001000000101010 ( 277)                 ADD   R0 R0 #10
(308A) F021  1111000000100001 ( 279)                 TRAP  x21
(308B) 2053  0010000001010011 ( 281)                 LD    R0 ONE
(308C) F021  1111000000100001 ( 283)                 TRAP  x21
(308D) 5020  0101000000100000 ( 285)                 AND   R0 R0 #0
(308E) 2051  0010000001010001 ( 287)                 LD    R0 ZERO
(308F) F021  1111000000100001 ( 289)                 TRAP  x21
(3090) 5020  0101000000100000 ( 291)                 AND   R0 R0 #0
(3091) 204E  0010000001001110 ( 293)                 LD    R0 ZERO
(3092) F021  1111000000100001 ( 295)                 TRAP  x21
(3093) 5020  0101000000100000 ( 297)                 AND   R0 R0 #0
(3094) 204A  0010000001001010 ( 299)                 LD    R0 ONE
(3095) F021  1111000000100001 ( 301)                 TRAP  x21
(3096) 1B60  0001101101100000 ( 303)                 ADD   R5 R5 #0
(3097) 0568  0000010101101000 ( 305)                 BRZ   RESTART
(3098) 2046  0010000001000110 ( 307) LOOP            LD    R0 ONE
(3099) F021  1111000000100001 ( 309)                 TRAP  x21
(309A) 5020  0101000000100000 ( 311)                 AND   R0 R0 #0
(309B) 2043  0010000001000011 ( 313)                 LD    R0 ONE
(309C) F021  1111000000100001 ( 315)                 TRAP  x21
(309D) 5020  0101000000100000 ( 317)                 AND   R0 R0 #0
(309E) 2041  0010000001000001 ( 319)                 LD    R0 ZERO
(309F) F021  1111000000100001 ( 321)                 TRAP  x21
(30A0) 5020  0101000000100000 ( 323)                 AND   R0 R0 #0
(30A1) 203E  0010000000111110 ( 325)                 LD    R0 ZERO
(30A2) F021  1111000000100001 ( 327)                 TRAP  x21
(30A3) 5020  0101000000100000 ( 329)                 AND   R0 R0 #0
(30A4) 102A  0001000000101010 ( 331)                 ADD   R0 R0 #10
(30A5) F021  1111000000100001 ( 333)                 TRAP  x21
(30A6) 2039  0010000000111001 ( 335)                 LD    R0 ZERO
(30A7) F021  1111000000100001 ( 337)                 TRAP  x21
(30A8) 5020  0101000000100000 ( 339)                 AND   R0 R0 #0
(30A9) 2035  0010000000110101 ( 341)                 LD    R0 ONE
(30AA) F021  1111000000100001 ( 343)                 TRAP  x21
(30AB) 5020  0101000000100000 ( 345)                 AND   R0 R0 #0
(30AC) 2032  0010000000110010 ( 347)                 LD    R0 ONE
(30AD) F021  1111000000100001 ( 349)                 TRAP  x21
(30AE) 5020  0101000000100000 ( 351)                 AND   R0 R0 #0
(30AF) 2030  0010000000110000 ( 353)                 LD    R0 ZERO
(30B0) F021  1111000000100001 ( 355)                 TRAP  x21
(30B1) 5020  0101000000100000 ( 357)                 AND   R0 R0 #0
(30B2) 102A  0001000000101010 ( 359)                 ADD   R0 R0 #10
(30B3) F021  1111000000100001 ( 361)                 TRAP  x21
(30B4) 202B  0010000000101011 ( 363)                 LD    R0 ZERO
(30B5) F021  1111000000100001 ( 365)                 TRAP  x21
(30B6) 5020  0101000000100000 ( 367)                 AND   R0 R0 #0
(30B7) 2028  0010000000101000 ( 369)                 LD    R0 ZERO
(30B8) F021  1111000000100001 ( 371)                 TRAP  x21
(30B9) 5020  0101000000100000 ( 373)                 AND   R0 R0 #0
(30BA) 2024  0010000000100100 ( 375)                 LD    R0 ONE
(30BB) F021  1111000000100001 ( 377)                 TRAP  x21
(30BC) 5020  0101000000100000 ( 379)                 AND   R0 R0 #0
(30BD) 2021  0010000000100001 ( 381)                 LD    R0 ONE
(30BE) F021  1111000000100001 ( 383)                 TRAP  x21
(30BF) 5020  0101000000100000 ( 385)                 AND   R0 R0 #0
(30C0) 102A  0001000000101010 ( 387)                 ADD   R0 R0 #10
(30C1) F021  1111000000100001 ( 389)                 TRAP  x21
(30C2) 201C  0010000000011100 ( 391)                 LD    R0 ONE
(30C3) F021  1111000000100001 ( 393)                 TRAP  x21
(30C4) 5020  0101000000100000 ( 395)                 AND   R0 R0 #0
(30C5) 201A  0010000000011010 ( 397)                 LD    R0 ZERO
(30C6) F021  1111000000100001 ( 399)                 TRAP  x21
(30C7) 5020  0101000000100000 ( 401)                 AND   R0 R0 #0
(30C8) 2017  0010000000010111 ( 403)                 LD    R0 ZERO
(30C9) F021  1111000000100001 ( 405)                 TRAP  x21
(30CA) 5020  0101000000100000 ( 407)                 AND   R0 R0 #0
(30CB) 2013  0010000000010011 ( 409)                 LD    R0 ONE
(30CC) F021  1111000000100001 ( 411)                 TRAP  x21
(30CD) 5020  0101000000100000 ( 413)                 AND   R0 R0 #0
(30CE) 102A  0001000000101010 ( 415)                 ADD   R0 R0 #10
(30CF) F021  1111000000100001 ( 417)                 TRAP  x21
(30D0) 1DBF  0001110110111111 ( 419)                 ADD   R6 R6 #-1
(30D1) 03C6  0000001111000110 ( 421)                 BRP   LOOP
(30D2) 200C  0010000000001100 ( 423)                 LD    R0 ONE
(30D3) F021  1111000000100001 ( 425)                 TRAP  x21
(30D4) 5020  0101000000100000 ( 427)                 AND   R0 R0 #0
(30D5) 2009  0010000000001001 ( 429)                 LD    R0 ONE
(30D6) F021  1111000000100001 ( 431)                 TRAP  x21
(30D7) 5020  0101000000100000 ( 433)                 AND   R0 R0 #0
(30D8) 2007  0010000000000111 ( 435)                 LD    R0 ZERO
(30D9) F021  1111000000100001 ( 437)                 TRAP  x21
(30DA) 5020  0101000000100000 ( 439)                 AND   R0 R0 #0
(30DB) 2004  0010000000000100 ( 441)                 LD    R0 ZERO
(30DC) F021  1111000000100001 ( 443)                 TRAP  x21
(30DD) 1DA0  0001110110100000 ( 445)                 ADD   R6 R6 #0
(30DE) 0521  0000010100100001 ( 447)                 BRZ   RESTART
(30DF) 0031  0000000000110001 ( 449) ONE             .FILL x0031
(30E0) 0030  0000000000110000 ( 451) ZERO            .FILL x0030
(30E1) 0003  0000000000000011 ( 453) COUNTER         .FILL x0003
(30E2) 0002  0000000000000010 ( 455) COUNTER2        .FILL x0002
