(0000) 3000  0011000000000000 (   1)                 .ORIG x3000
(3000) 16E1  0001011011100001 (   3)                 ADD   R3 R3 #1
(3001) 1921  0001100100100001 (   5)                 ADD   R4 R4 #1
(3002) 5260  0101001001100000 (   7)                 AND   R1 R1 #0
(3003) 1276  0001001001110110 (   9)                 ADD   R1 R1 #-10
(3004) 1276  0001001001110110 (  11)                 ADD   R1 R1 #-10
(3005) 1276  0001001001110110 (  13)                 ADD   R1 R1 #-10
(3006) 1276  0001001001110110 (  15)                 ADD   R1 R1 #-10
(3007) 1277  0001001001110111 (  17)                 ADD   R1 R1 #-9
(3008) 5B60  0101101101100000 (  19)                 AND   R5 R5 #0
(3009) 2A8C  0010101010001100 (  21) RESTART         LD    R5 COUNTER
(300A) F023  1111000000100011 (  23)                 TRAP  x23
(300B) 1001  0001000000000001 (  25)                 ADD   R0 R0 R1
(300C) 0234  0000001000110100 (  27)                 BRP   LOOP
(300D) 5020  0101000000100000 (  29) OVER            AND   R0 R0 #0
(300E) E05F  1110000001011111 (  31)                 LEA   R0 CClock
(300F) F022  1111000000100010 (  33)                 TRAP  x22
(3010) 5020  0101000000100000 (  35)                 AND   R0 R0 #0
(3011) 102A  0001000000101010 (  37)                 ADD   R0 R0 #10
(3012) F021  1111000000100001 (  39)                 TRAP  x21
(3013) E05F  1110000001011111 (  41)                 LEA   R0 CClock2
(3014) F022  1111000000100010 (  43)                 TRAP  x22
(3015) 5020  0101000000100000 (  45)                 AND   R0 R0 #0
(3016) 102A  0001000000101010 (  47)                 ADD   R0 R0 #10
(3017) F021  1111000000100001 (  49)                 TRAP  x21
(3018) E05F  1110000001011111 (  51)                 LEA   R0 CClock3
(3019) F022  1111000000100010 (  53)                 TRAP  x22
(301A) 5020  0101000000100000 (  55)                 AND   R0 R0 #0
(301B) 102A  0001000000101010 (  57)                 ADD   R0 R0 #10
(301C) F021  1111000000100001 (  59)                 TRAP  x21
(301D) E05F  1110000001011111 (  61)                 LEA   R0 CClock4
(301E) F022  1111000000100010 (  63)                 TRAP  x22
(301F) 5020  0101000000100000 (  65)                 AND   R0 R0 #0
(3020) 102A  0001000000101010 (  67)                 ADD   R0 R0 #10
(3021) F021  1111000000100001 (  69)                 TRAP  x21
(3022) 1B7F  0001101101111111 (  71)                 ADD   R5 R5 #-1
(3023) 03E9  0000001111101001 (  73)                 BRP   OVER
(3024) E067  1110000001100111 (  75)                 LEA   R0 Clock3
(3025) F022  1111000000100010 (  77)                 TRAP  x22
(3026) 5020  0101000000100000 (  79)                 AND   R0 R0 #0
(3027) 102A  0001000000101010 (  81)                 ADD   R0 R0 #10
(3028) F021  1111000000100001 (  83)                 TRAP  x21
(3029) E067  1110000001100111 (  85)                 LEA   R0 Clock4
(302A) F022  1111000000100010 (  87)                 TRAP  x22
(302B) 5020  0101000000100000 (  89)                 AND   R0 R0 #0
(302C) 102A  0001000000101010 (  91)                 ADD   R0 R0 #10
(302D) F021  1111000000100001 (  93)                 TRAP  x21
(302E) E053  1110000001010011 (  95)                 LEA   R0 Clock
(302F) F022  1111000000100010 (  97)                 TRAP  x22
(3030) 5020  0101000000100000 (  99)                 AND   R0 R0 #0
(3031) 102A  0001000000101010 ( 101)                 ADD   R0 R0 #10
(3032) F021  1111000000100001 ( 103)                 TRAP  x21
(3033) E053  1110000001010011 ( 105)                 LEA   R0 Clock2
(3034) F022  1111000000100010 ( 107)                 TRAP  x22
(3035) 5020  0101000000100000 ( 109)                 AND   R0 R0 #0
(3036) 102A  0001000000101010 ( 111)                 ADD   R0 R0 #10
(3037) F021  1111000000100001 ( 113)                 TRAP  x21
(3038) E053  1110000001010011 ( 115)                 LEA   R0 Clock3
(3039) F022  1111000000100010 ( 117)                 TRAP  x22
(303A) 5020  0101000000100000 ( 119)                 AND   R0 R0 #0
(303B) 102A  0001000000101010 ( 121)                 ADD   R0 R0 #10
(303C) F021  1111000000100001 ( 123)                 TRAP  x21
(303D) E053  1110000001010011 ( 125)                 LEA   R0 Clock4
(303E) F022  1111000000100010 ( 127)                 TRAP  x22
(303F) 1B60  0001101101100000 ( 129)                 ADD   R5 R5 #0
(3040) 05C8  0000010111001000 ( 131)                 BRZ   RESTART
(3041) 5020  0101000000100000 ( 133) LOOP            AND   R0 R0 #0
(3042) E03F  1110000000111111 ( 135)                 LEA   R0 Clock
(3043) F022  1111000000100010 ( 137)                 TRAP  x22
(3044) 5020  0101000000100000 ( 139)                 AND   R0 R0 #0
(3045) 102A  0001000000101010 ( 141)                 ADD   R0 R0 #10
(3046) F021  1111000000100001 ( 143)                 TRAP  x21
(3047) E03F  1110000000111111 ( 145)                 LEA   R0 Clock2
(3048) F022  1111000000100010 ( 147)                 TRAP  x22
(3049) 5020  0101000000100000 ( 149)                 AND   R0 R0 #0
(304A) 102A  0001000000101010 ( 151)                 ADD   R0 R0 #10
(304B) F021  1111000000100001 ( 153)                 TRAP  x21
(304C) E03F  1110000000111111 ( 155)                 LEA   R0 Clock3
(304D) F022  1111000000100010 ( 157)                 TRAP  x22
(304E) 5020  0101000000100000 ( 159)                 AND   R0 R0 #0
(304F) 102A  0001000000101010 ( 161)                 ADD   R0 R0 #10
(3050) F021  1111000000100001 ( 163)                 TRAP  x21
(3051) E03F  1110000000111111 ( 165)                 LEA   R0 Clock4
(3052) F022  1111000000100010 ( 167)                 TRAP  x22
(3053) 5020  0101000000100000 ( 169)                 AND   R0 R0 #0
(3054) 102A  0001000000101010 ( 171)                 ADD   R0 R0 #10
(3055) F021  1111000000100001 ( 173)                 TRAP  x21
(3056) E02B  1110000000101011 ( 175)                 LEA   R0 Clock
(3057) F022  1111000000100010 ( 177)                 TRAP  x22
(3058) 5020  0101000000100000 ( 179)                 AND   R0 R0 #0
(3059) 102A  0001000000101010 ( 181)                 ADD   R0 R0 #10
(305A) F021  1111000000100001 ( 183)                 TRAP  x21
(305B) E02B  1110000000101011 ( 185)                 LEA   R0 Clock2
(305C) F022  1111000000100010 ( 187)                 TRAP  x22
(305D) 5020  0101000000100000 ( 189)                 AND   R0 R0 #0
(305E) 102A  0001000000101010 ( 191)                 ADD   R0 R0 #10
(305F) F021  1111000000100001 ( 193)                 TRAP  x21
(3060) E02B  1110000000101011 ( 195)                 LEA   R0 Clock3
(3061) F022  1111000000100010 ( 197)                 TRAP  x22
(3062) 5020  0101000000100000 ( 199)                 AND   R0 R0 #0
(3063) 102A  0001000000101010 ( 201)                 ADD   R0 R0 #10
(3064) F021  1111000000100001 ( 203)                 TRAP  x21
(3065) E02B  1110000000101011 ( 205)                 LEA   R0 Clock4
(3066) F022  1111000000100010 ( 207)                 TRAP  x22
(3067) 5020  0101000000100000 ( 209)                 AND   R0 R0 #0
(3068) 102A  0001000000101010 ( 211)                 ADD   R0 R0 #10
(3069) F021  1111000000100001 ( 213)                 TRAP  x21
(306A) E017  1110000000010111 ( 215)                 LEA   R0 Clock
(306B) F022  1111000000100010 ( 217)                 TRAP  x22
(306C) 16C4  0001011011000100 ( 219)                 ADD   R3 R3 R4
(306D) 039B  0000001110011011 ( 221)                 BRP   RESTART
(306E) 0031  0000000000110001 ( 223) CClock          .FILL x0031
(306F) 0031  0000000000110001 ( 223)                 .FILL x0031
(3070) 0030  0000000000110000 ( 223)                 .FILL x0030
(3071) 0030  0000000000110000 ( 223)                 .FILL x0030
(3072) 0000  0000000000000000 ( 223)                 .FILL x0000
(3073) 0031  0000000000110001 ( 225) CClock2         .FILL x0031
(3074) 0030  0000000000110000 ( 225)                 .FILL x0030
(3075) 0030  0000000000110000 ( 225)                 .FILL x0030
(3076) 0031  0000000000110001 ( 225)                 .FILL x0031
(3077) 0000  0000000000000000 ( 225)                 .FILL x0000
(3078) 0030  0000000000110000 ( 227) CClock3         .FILL x0030
(3079) 0030  0000000000110000 ( 227)                 .FILL x0030
(307A) 0031  0000000000110001 ( 227)                 .FILL x0031
(307B) 0031  0000000000110001 ( 227)                 .FILL x0031
(307C) 0000  0000000000000000 ( 227)                 .FILL x0000
(307D) 0030  0000000000110000 ( 229) CClock4         .FILL x0030
(307E) 0031  0000000000110001 ( 229)                 .FILL x0031
(307F) 0031  0000000000110001 ( 229)                 .FILL x0031
(3080) 0030  0000000000110000 ( 229)                 .FILL x0030
(3081) 0000  0000000000000000 ( 229)                 .FILL x0000
(3082) 0031  0000000000110001 ( 231) Clock           .FILL x0031
(3083) 0031  0000000000110001 ( 231)                 .FILL x0031
(3084) 0030  0000000000110000 ( 231)                 .FILL x0030
(3085) 0030  0000000000110000 ( 231)                 .FILL x0030
(3086) 0000  0000000000000000 ( 231)                 .FILL x0000
(3087) 0030  0000000000110000 ( 233) Clock2          .FILL x0030
(3088) 0031  0000000000110001 ( 233)                 .FILL x0031
(3089) 0031  0000000000110001 ( 233)                 .FILL x0031
(308A) 0030  0000000000110000 ( 233)                 .FILL x0030
(308B) 0000  0000000000000000 ( 233)                 .FILL x0000
(308C) 0030  0000000000110000 ( 235) Clock3          .FILL x0030
(308D) 0030  0000000000110000 ( 235)                 .FILL x0030
(308E) 0031  0000000000110001 ( 235)                 .FILL x0031
(308F) 0031  0000000000110001 ( 235)                 .FILL x0031
(3090) 0000  0000000000000000 ( 235)                 .FILL x0000
(3091) 0031  0000000000110001 ( 237) Clock4          .FILL x0031
(3092) 0030  0000000000110000 ( 237)                 .FILL x0030
(3093) 0030  0000000000110000 ( 237)                 .FILL x0030
(3094) 0031  0000000000110001 ( 237)                 .FILL x0031
(3095) 0000  0000000000000000 ( 237)                 .FILL x0000
(3096) 0003  0000000000000011 ( 239) COUNTER         .FILL x0003
